<?xml version="1.0" encoding="UTF-8"?>
<!-- Generated by org.testng.reporters.JUnitXMLReporter -->
<testsuite ignored="0" hostname="DESKTOP-Q6SHR00" failures="0" tests="1" name="ParametrizationTest" time="0.073" errors="0" timestamp="2023-04-04T00:47:45 EDT">
  <testcase classname="testNGbasics.ParametrizationXML" name="@BeforeMethod initialization" time="0.007">
    <failure type="java.lang.NullPointerException">
      <![CDATA[java.lang.NullPointerException
at java.base/java.util.concurrent.ConcurrentHashMap.putVal(ConcurrentHashMap.java:1011)
at java.base/java.util.concurrent.ConcurrentHashMap.put(ConcurrentHashMap.java:1006)
at java.base/java.util.Properties.put(Properties.java:1301)
at java.base/java.util.Properties.setProperty(Properties.java:229)
at java.base/java.lang.System.setProperty(System.java:999)
at testNGbasics.ParametrizationXML.initialization(ParametrizationXML.java:45)
at java.base/java.util.ArrayList.forEach(ArrayList.java:1511)
... Removed 31 stack frames]]>
    </failure>
  </testcase> <!-- @BeforeMethod initialization -->
  <testcase classname="testNGbasics.ParametrizationXML" name="@AfterMethod teardown" time="-1.680583665789E9">
    <skipped/>
  </testcase> <!-- @AfterMethod teardown -->
  <testcase classname="testNGbasics.ParametrizationXML" name="positiveSearchFunctionalityTest" time="0.0">
    <skipped/>
  </testcase> <!-- positiveSearchFunctionalityTest -->
</testsuite> <!-- ParametrizationTest -->
